<?xml version="1.0" encoding="UTF-8"?>
<!-- Generated by org.testng.reporters.JUnitXMLReporter -->
<testsuite ignored="0" hostname="ArchanaHN" failures="0" tests="2" name="Default test" time="0.098" errors="0" timestamp="2020-12-24T11:56:13 IST">
  <testcase classname="com.comcast.ContactTest.CreateContactWIthMandatoryTest" name="createContactTest" time="0.033"/>
  <testcase classname="com.comcast.ContactTest.CreateContactWIthMandatoryTest" name="createContactwithPhoneTest" time="0.004"/>
</testsuite> <!-- Default test -->
